[10:22:02] [main/INFO]: Environment: authHost='https://authserver.mojang.com', accountsHost='https://api.mojang.com', sessionHost='https://sessionserver.mojang.com', name='PROD'
[10:22:03] [main/WARN]: Ambiguity between arguments [teleport, destination] and [teleport, targets] with inputs: [Player, 0123, @e, dd12be42-52a9-4a91-a8a1-11c01849e498]
[10:22:03] [main/WARN]: Ambiguity between arguments [teleport, location] and [teleport, destination] with inputs: [0.1 -0.5 .9, 0 0 0]
[10:22:03] [main/WARN]: Ambiguity between arguments [teleport, location] and [teleport, targets] with inputs: [0.1 -0.5 .9, 0 0 0]
[10:22:03] [main/WARN]: Ambiguity between arguments [teleport, targets] and [teleport, destination] with inputs: [Player, 0123, dd12be42-52a9-4a91-a8a1-11c01849e498]
[10:22:03] [main/WARN]: Ambiguity between arguments [teleport, targets, location] and [teleport, targets, destination] with inputs: [0.1 -0.5 .9, 0 0 0]
[10:22:03] [main/INFO]: Reloading ResourceManager: Default
[10:22:03] [Worker-Main-5/INFO]: Loaded 7 recipes
[10:22:04] [Worker-Main-5/INFO]: Loaded 927 advancements
[10:22:05] [Server thread/INFO]: Starting minecraft server version 1.16.3
[10:22:05] [Server thread/INFO]: Loading properties
[10:22:05] [Server thread/INFO]: Default game type: SURVIVAL
[10:22:05] [Server thread/INFO]: Generating keypair
[10:22:05] [Server thread/INFO]: Starting Minecraft server on *:25565
[10:22:05] [Server thread/INFO]: Using default channel type
[10:22:06] [Server thread/INFO]: Preparing level "world"
[10:22:06] [Server thread/INFO]: Preparing start region for dimension minecraft:overworld
[10:22:07] [Server thread/INFO]: Preparing spawn area: 0%
[10:22:07] [Server thread/INFO]: Preparing spawn area: 0%
[10:22:07] [Server thread/INFO]: Preparing spawn area: 0%
[10:22:08] [Server thread/INFO]: Preparing spawn area: 0%
[10:22:11] [Worker-Main-4/INFO]: Preparing spawn area: 83%
[10:22:11] [Worker-Main-7/INFO]: Preparing spawn area: 83%
[10:22:11] [Worker-Main-6/INFO]: Preparing spawn area: 83%
[10:22:11] [Worker-Main-7/INFO]: Preparing spawn area: 83%
[10:22:11] [Worker-Main-7/INFO]: Preparing spawn area: 83%
[10:22:11] [Worker-Main-4/INFO]: Preparing spawn area: 83%
[10:22:11] [Worker-Main-4/INFO]: Preparing spawn area: 94%
[10:22:12] [Worker-Main-6/INFO]: Preparing spawn area: 94%
[10:22:12] [Worker-Main-4/INFO]: Preparing spawn area: 94%
[10:22:13] [Server thread/INFO]: Time elapsed: 6480 ms
[10:22:13] [Server thread/INFO]: Done (6.653s)! For help, type "help"
[10:22:17] [User Authenticator #1/INFO]: UUID of player Player_0_1 is a137cd02-1621-41ac-b74b-6194c871283b
[10:22:18] [Server thread/INFO]: Player_0_1[/192.168.1.152:59178] logged in with entity id 222 at (18.300967758290867, 63.0, 75.72627438166847)
[10:22:18] [Server thread/INFO]: Player_0_1 joined the game
[10:22:25] [Server thread/INFO]: Player_0_1 lost connection: Disconnected
[10:22:25] [Server thread/INFO]: Player_0_1 left the game
[10:22:33] [Server thread/INFO]: Stopping the server
[10:22:33] [Server thread/INFO]: Stopping server
[10:22:33] [Server thread/INFO]: Saving players
[10:22:33] [Server thread/INFO]: Saving worlds
[10:22:33] [Server thread/INFO]: Saving chunks for level 'ServerLevel[world]'/minecraft:overworld
[10:22:34] [Server thread/INFO]: ThreadedAnvilChunkStorage (world): All chunks are saved
[10:22:34] [Server thread/INFO]: Saving chunks for level 'ServerLevel[world]'/minecraft:the_nether
[10:22:34] [Server thread/INFO]: ThreadedAnvilChunkStorage (DIM-1): All chunks are saved
[10:22:34] [Server thread/INFO]: Saving chunks for level 'ServerLevel[world]'/minecraft:the_end
[10:22:34] [Server thread/INFO]: ThreadedAnvilChunkStorage (DIM1): All chunks are saved
[10:22:34] [Server thread/INFO]: ThreadedAnvilChunkStorage (world): All chunks are saved
[10:22:34] [Server thread/INFO]: ThreadedAnvilChunkStorage (DIM-1): All chunks are saved
[10:22:34] [Server thread/INFO]: ThreadedAnvilChunkStorage (DIM1): All chunks are saved
